2022-10-20 09:28:18,676:file_log:The path '../data/nb.csv' does not exist in the target repository '/home/sucess/10-academy/week-9/Delivery_drivers_Causal_Inference' neither as a DVC output nor as a Git-tracked file.
2022-10-20 09:28:18,907:file_log:The path '../data/driver_locations.csv' does not exist in the target repository '/home/sucess/10-academy/week-9/Delivery_drivers_Causal_Inference' neither as a DVC output nor as a Git-tracked file.
2022-10-20 09:28:54,265:file_log:The path 'data/nb.csv' does not exist in the target repository '/home/sucess/10-academy/week-9/Delivery_drivers_Causal_Inference' neither as a DVC output nor as a Git-tracked file.
2022-10-20 09:28:54,357:file_log:The path 'data/driver_locations.csv' does not exist in the target repository '/home/sucess/10-academy/week-9/Delivery_drivers_Causal_Inference' neither as a DVC output nor as a Git-tracked file.
2022-10-20 09:29:46,460:file_log:The path '/home/sucess/10-academy/week-9/Delivery_drivers_Causal_Inference/data/nb.csv' does not exist in the target repository '/home/sucess/10-academy/week-9/Delivery_drivers_Causal_Inference' neither as a DVC output nor as a Git-tracked file.
2022-10-20 09:29:46,528:file_log:The path 'data/driver_locations.csv' does not exist in the target repository '/home/sucess/10-academy/week-9/Delivery_drivers_Causal_Inference' neither as a DVC output nor as a Git-tracked file.
2022-10-20 09:30:26,487:file_log:The path '/home/sucess/10-academy/week-9/Delivery_drivers_Causal_Inference/data/nb.csv' does not exist in the target repository '/home/sucess/10-academy/week-9/Delivery_drivers_Causal_Inference' neither as a DVC output nor as a Git-tracked file.
2022-10-20 09:30:26,565:file_log:The path 'data/driver_locations.csv' does not exist in the target repository '/home/sucess/10-academy/week-9/Delivery_drivers_Causal_Inference' neither as a DVC output nor as a Git-tracked file.
2022-10-20 09:30:40,647:file_log:The path 'nb.csv' does not exist in the target repository '/home/sucess/10-academy/week-9/Delivery_drivers_Causal_Inference' neither as a DVC output nor as a Git-tracked file.
2022-10-20 09:30:40,692:file_log:The path 'data/driver_locations.csv' does not exist in the target repository '/home/sucess/10-academy/week-9/Delivery_drivers_Causal_Inference' neither as a DVC output nor as a Git-tracked file.
2022-10-20 09:31:39,091:file_log:The path 'nb.csv' does not exist in the target repository '/home/sucess/10-academy/week-9/Delivery_drivers_Causal_Inference' neither as a DVC output nor as a Git-tracked file.
2022-10-20 09:31:39,211:file_log:The path 'data/driver_locations.csv' does not exist in the target repository '/home/sucess/10-academy/week-9/Delivery_drivers_Causal_Inference' neither as a DVC output nor as a Git-tracked file.
2022-10-20 09:31:48,664:file_log:The path 'data/nb.csv' does not exist in the target repository '/home/sucess/10-academy/week-9/Delivery_drivers_Causal_Inference' neither as a DVC output nor as a Git-tracked file.
2022-10-20 09:31:48,729:file_log:The path 'data/driver_locations.csv' does not exist in the target repository '/home/sucess/10-academy/week-9/Delivery_drivers_Causal_Inference' neither as a DVC output nor as a Git-tracked file.
2022-10-20 09:32:01,257:file_log:The path '../data/nb.csv' does not exist in the target repository '/home/sucess/10-academy/week-9/Delivery_drivers_Causal_Inference' neither as a DVC output nor as a Git-tracked file.
2022-10-20 09:32:01,319:file_log:The path 'data/driver_locations.csv' does not exist in the target repository '/home/sucess/10-academy/week-9/Delivery_drivers_Causal_Inference' neither as a DVC output nor as a Git-tracked file.
2022-10-20 09:32:47,635:file_log:The path '../data/nb.csv' does not exist in the target repository '/home/sucess/10-academy/week-9/Delivery_drivers_Causal_Inference' neither as a DVC output nor as a Git-tracked file.
2022-10-20 09:32:47,717:file_log:The path 'data/driver_locations.csv' does not exist in the target repository '/home/sucess/10-academy/week-9/Delivery_drivers_Causal_Inference' neither as a DVC output nor as a Git-tracked file.
2022-10-20 09:33:34,855:file_log:The path '../data/nb.csv' does not exist in the target repository '/home/sucess/10-academy/week-9/Delivery_drivers_Causal_Inference/' neither as a DVC output nor as a Git-tracked file.
2022-10-20 09:33:35,052:file_log:The path 'data/driver_locations.csv' does not exist in the target repository '/home/sucess/10-academy/week-9/Delivery_drivers_Causal_Inference/' neither as a DVC output nor as a Git-tracked file.
2022-10-20 09:33:56,253:file_log:The path 'data/nb.csv' does not exist in the target repository '/home/sucess/10-academy/week-9/Delivery_drivers_Causal_Inference/' neither as a DVC output nor as a Git-tracked file.
2022-10-20 09:33:56,329:file_log:The path 'data/driver_locations.csv' does not exist in the target repository '/home/sucess/10-academy/week-9/Delivery_drivers_Causal_Inference/' neither as a DVC output nor as a Git-tracked file.
2022-10-20 09:34:30,498:file_log:The path 'data/nb.csv' does not exist in the target repository '/home/sucess/10-academy/week-9/Delivery_drivers_Causal_Inference/' neither as a DVC output nor as a Git-tracked file.
2022-10-20 09:34:30,626:file_log:The path 'data/driver_locations.csv' does not exist in the target repository '/home/sucess/10-academy/week-9/Delivery_drivers_Causal_Inference/' neither as a DVC output nor as a Git-tracked file.
2022-10-20 09:43:58,898:file_log:The path 'data/driver_locations.csv' does not exist in the target repository '/home/sucess/10-academy/week-9/Delivery_drivers_Causal_Inference/' neither as a DVC output nor as a Git-tracked file.
2022-10-20 20:10:22,291:file_log:Could not interpret value `Sales` for parameter `x`
